<?xml version="1.0" encoding="UTF-8"?>
<!-- Generated by org.testng.reporters.JUnitXMLReporter -->
<testsuite ignored="0" hostname="DESKTOP-V1QC6GG" failures="0" tests="0" name="Test" time="0.26" errors="0" timestamp="11 Mar 2021 09:43:04 GMT">
  <testcase classname="io.cucumber.testng.AbstractTestNGCucumberTests" name="@BeforeClass setUpClass" time="0.21">
    <failure type="cucumber.runtime.CucumberException" message="cucumber.runtime.CucumberException: java.io.IOException: Failed to create directory E:\VtigerCucumberV2\project\target\cucumber-html-report,com.aventstack.extentreports.cucumber.adaptor.ExtentCucumberAdaptor:">
      <![CDATA[cucumber.runtime.CucumberException: cucumber.runtime.CucumberException: java.io.IOException: Failed to create directory E:\VtigerCucumberV2\project\target\cucumber-html-report,com.aventstack.extentreports.cucumber.adaptor.ExtentCucumberAdaptor:
at cucumber.runtime.formatter.PluginFactory.newInstance(PluginFactory.java:110)
at cucumber.runtime.formatter.PluginFactory.instantiate(PluginFactory.java:91)
at cucumber.runtime.formatter.PluginFactory.create(PluginFactory.java:76)
at cucumber.runtime.formatter.Plugins.createPlugins(Plugins.java:63)
at cucumber.runtime.formatter.Plugins.<init>(Plugins.java:35)
at io.cucumber.testng.TestNGCucumberRunner.<init>(TestNGCucumberRunner.java:68)
at io.cucumber.testng.AbstractTestNGCucumberTests.setUpClass(AbstractTestNGCucumberTests.java:18)
Caused by: cucumber.runtime.CucumberException: java.io.IOException: Failed to create directory E:\VtigerCucumberV2\project\target\cucumber-html-report,com.aventstack.extentreports.cucumber.adaptor.ExtentCucumberAdaptor:
at cucumber.runtime.formatter.HTMLFormatter.createReportFileOutputStream(HTMLFormatter.java:530)
at cucumber.runtime.formatter.HTMLFormatter.createJsOut(HTMLFormatter.java:520)
at cucumber.runtime.formatter.HTMLFormatter.<init>(HTMLFormatter.java:129)
at cucumber.runtime.formatter.PluginFactory.newInstance(PluginFactory.java:104)
... 32 more
Caused by: java.io.IOException: Failed to create directory E:\VtigerCucumberV2\project\target\cucumber-html-report,com.aventstack.extentreports.cucumber.adaptor.ExtentCucumberAdaptor:
at cucumber.runtime.formatter.URLOutputStream.ensureParentDirExists(URLOutputStream.java:53)
at cucumber.runtime.formatter.URLOutputStream.<init>(URLOutputStream.java:33)
at cucumber.runtime.formatter.URLOutputStream.<init>(URLOutputStream.java:24)
at cucumber.runtime.formatter.HTMLFormatter.createReportFileOutputStream(HTMLFormatter.java:528)
... 39 more
... Removed 30 stack frames]]>
    </failure>
  </testcase> <!-- @BeforeClass setUpClass -->
</testsuite> <!-- Test -->
